<?xml version="1.0" encoding="UTF-8"?>
<testsuite xmlns:xsi="http://www.w3.org/2001/XMLSchema-instance" xsi:noNamespaceSchemaLocation="https://maven.apache.org/surefire/maven-surefire-plugin/xsd/surefire-test-report.xsd" name="com.AppTest" time="0.027" tests="1" errors="0" skipped="0" failures="0">
  <properties>
    <property name="sun.desktop" value="windows"/>
    <property name="awt.toolkit" value="sun.awt.windows.WToolkit"/>
    <property name="file.encoding.pkg" value="sun.io"/>
    <property name="java.specification.version" value="1.8"/>
    <property name="sun.cpu.isalist" value="amd64"/>
    <property name="sun.jnu.encoding" value="Cp1252"/>
    <property name="java.class.path" value="C:\Users\david\source\java-projects\colorscheme\colorscheme\target\test-classes;C:\Users\david\source\java-projects\colorscheme\colorscheme\target\classes;C:\Users\david\.m2\repository\clojure-interop\java.awt\1.0.5\java.awt-1.0.5.jar;C:\Users\david\.m2\repository\org\clojure\clojure\1.8.0\clojure-1.8.0.jar;C:\Users\david\.m2\repository\junit\junit\4.11\junit-4.11.jar;C:\Users\david\.m2\repository\org\hamcrest\hamcrest-core\1.3\hamcrest-core-1.3.jar;C:\Users\david\.m2\repository\org\openjfx\javafx-base\12.0.2\javafx-base-12.0.2.jar;C:\Users\david\.m2\repository\org\openjfx\javafx-base\12.0.2\javafx-base-12.0.2-win.jar;C:\Users\david\.m2\repository\org\openjfx\javafx-controls\12.0.2\javafx-controls-12.0.2.jar;C:\Users\david\.m2\repository\org\openjfx\javafx-controls\12.0.2\javafx-controls-12.0.2-win.jar;C:\Users\david\.m2\repository\org\openjfx\javafx-fxml\12.0.2\javafx-fxml-12.0.2.jar;C:\Users\david\.m2\repository\org\openjfx\javafx-fxml\12.0.2\javafx-fxml-12.0.2-win.jar;C:\Users\david\.m2\repository\org\openjfx\javafx-graphics\12.0.2\javafx-graphics-12.0.2.jar;C:\Users\david\.m2\repository\org\openjfx\javafx-graphics\12.0.2\javafx-graphics-12.0.2-win.jar;C:\Users\david\.m2\repository\org\openjfx\javafx-media\12.0.2\javafx-media-12.0.2.jar;C:\Users\david\.m2\repository\org\openjfx\javafx-media\12.0.2\javafx-media-12.0.2-win.jar;C:\Users\david\.m2\repository\org\openjfx\javafx-swing\12.0.2\javafx-swing-12.0.2.jar;C:\Users\david\.m2\repository\org\openjfx\javafx-swing\12.0.2\javafx-swing-12.0.2-win.jar;C:\Users\david\.m2\repository\org\openjfx\javafx-web\12.0.2\javafx-web-12.0.2.jar;C:\Users\david\.m2\repository\org\openjfx\javafx-web\12.0.2\javafx-web-12.0.2-win.jar;"/>
    <property name="java.vm.vendor" value="Oracle Corporation"/>
    <property name="sun.arch.data.model" value="64"/>
    <property name="user.variant" value=""/>
    <property name="java.vendor.url" value="http://java.oracle.com/"/>
    <property name="user.timezone" value="America/New_York"/>
    <property name="java.vm.specification.version" value="1.8"/>
    <property name="os.name" value="Windows 10"/>
    <property name="user.country" value="US"/>
    <property name="sun.java.launcher" value="SUN_STANDARD"/>
    <property name="sun.boot.library.path" value="C:\Program Files\Java\jdk1.8.0_271\jre\bin"/>
    <property name="sun.java.command" value="C:\Users\david\AppData\Local\Temp\surefire1222462299042807928\surefirebooter1373737583488630091.jar C:\Users\david\AppData\Local\Temp\surefire1222462299042807928 2021-06-17T18-33-51_774-jvmRun1 surefire2490069701061821204tmp surefire_04966980455317876943tmp"/>
    <property name="surefire.test.class.path" value="C:\Users\david\source\java-projects\colorscheme\colorscheme\target\test-classes;C:\Users\david\source\java-projects\colorscheme\colorscheme\target\classes;C:\Users\david\.m2\repository\clojure-interop\java.awt\1.0.5\java.awt-1.0.5.jar;C:\Users\david\.m2\repository\org\clojure\clojure\1.8.0\clojure-1.8.0.jar;C:\Users\david\.m2\repository\junit\junit\4.11\junit-4.11.jar;C:\Users\david\.m2\repository\org\hamcrest\hamcrest-core\1.3\hamcrest-core-1.3.jar;C:\Users\david\.m2\repository\org\openjfx\javafx-base\12.0.2\javafx-base-12.0.2.jar;C:\Users\david\.m2\repository\org\openjfx\javafx-base\12.0.2\javafx-base-12.0.2-win.jar;C:\Users\david\.m2\repository\org\openjfx\javafx-controls\12.0.2\javafx-controls-12.0.2.jar;C:\Users\david\.m2\repository\org\openjfx\javafx-controls\12.0.2\javafx-controls-12.0.2-win.jar;C:\Users\david\.m2\repository\org\openjfx\javafx-fxml\12.0.2\javafx-fxml-12.0.2.jar;C:\Users\david\.m2\repository\org\openjfx\javafx-fxml\12.0.2\javafx-fxml-12.0.2-win.jar;C:\Users\david\.m2\repository\org\openjfx\javafx-graphics\12.0.2\javafx-graphics-12.0.2.jar;C:\Users\david\.m2\repository\org\openjfx\javafx-graphics\12.0.2\javafx-graphics-12.0.2-win.jar;C:\Users\david\.m2\repository\org\openjfx\javafx-media\12.0.2\javafx-media-12.0.2.jar;C:\Users\david\.m2\repository\org\openjfx\javafx-media\12.0.2\javafx-media-12.0.2-win.jar;C:\Users\david\.m2\repository\org\openjfx\javafx-swing\12.0.2\javafx-swing-12.0.2.jar;C:\Users\david\.m2\repository\org\openjfx\javafx-swing\12.0.2\javafx-swing-12.0.2-win.jar;C:\Users\david\.m2\repository\org\openjfx\javafx-web\12.0.2\javafx-web-12.0.2.jar;C:\Users\david\.m2\repository\org\openjfx\javafx-web\12.0.2\javafx-web-12.0.2-win.jar;"/>
    <property name="sun.cpu.endian" value="little"/>
    <property name="user.home" value="C:\Users\david"/>
    <property name="user.language" value="en"/>
    <property name="java.specification.vendor" value="Oracle Corporation"/>
    <property name="java.home" value="C:\Program Files\Java\jdk1.8.0_271\jre"/>
    <property name="basedir" value="C:\Users\david\source\java-projects\colorscheme\colorscheme"/>
    <property name="file.separator" value="\"/>
    <property name="line.separator" value="&#10;"/>
    <property name="java.vm.specification.vendor" value="Oracle Corporation"/>
    <property name="java.specification.name" value="Java Platform API Specification"/>
    <property name="java.awt.graphicsenv" value="sun.awt.Win32GraphicsEnvironment"/>
    <property name="surefire.real.class.path" value="C:\Users\david\AppData\Local\Temp\surefire1222462299042807928\surefirebooter1373737583488630091.jar"/>
    <property name="sun.boot.class.path" value="C:\Program Files\Java\jdk1.8.0_271\jre\lib\resources.jar;C:\Program Files\Java\jdk1.8.0_271\jre\lib\rt.jar;C:\Program Files\Java\jdk1.8.0_271\jre\lib\sunrsasign.jar;C:\Program Files\Java\jdk1.8.0_271\jre\lib\jsse.jar;C:\Program Files\Java\jdk1.8.0_271\jre\lib\jce.jar;C:\Program Files\Java\jdk1.8.0_271\jre\lib\charsets.jar;C:\Program Files\Java\jdk1.8.0_271\jre\lib\jfr.jar;C:\Program Files\Java\jdk1.8.0_271\jre\classes"/>
    <property name="user.script" value=""/>
    <property name="sun.management.compiler" value="HotSpot 64-Bit Tiered Compilers"/>
    <property name="java.runtime.version" value="1.8.0_271-b09"/>
    <property name="user.name" value="david"/>
    <property name="path.separator" value=";"/>
    <property name="os.version" value="10.0"/>
    <property name="java.endorsed.dirs" value="C:\Program Files\Java\jdk1.8.0_271\jre\lib\endorsed"/>
    <property name="java.runtime.name" value="Java(TM) SE Runtime Environment"/>
    <property name="file.encoding" value="Cp1252"/>
    <property name="java.vm.name" value="Java HotSpot(TM) 64-Bit Server VM"/>
    <property name="localRepository" value="C:\Users\david\.m2\repository"/>
    <property name="java.vendor.url.bug" value="http://bugreport.sun.com/bugreport/"/>
    <property name="java.io.tmpdir" value="C:\Users\david\AppData\Local\Temp\"/>
    <property name="java.version" value="1.8.0_271"/>
    <property name="user.dir" value="C:\Users\david\source\java-projects\colorscheme\colorscheme"/>
    <property name="os.arch" value="amd64"/>
    <property name="java.vm.specification.name" value="Java Virtual Machine Specification"/>
    <property name="java.awt.printerjob" value="sun.awt.windows.WPrinterJob"/>
    <property name="sun.os.patch.level" value=""/>
    <property name="java.library.path" value="C:\Program Files\Java\jdk1.8.0_271\jre\bin;C:\Windows\Sun\Java\bin;C:\Windows\system32;C:\Windows;C:\Program Files (x86)\VMware\VMware Workstation\bin\;C:\Program Files\Common Files\Oracle\Java\javapath;C:\Program Files\Oculus\Support\oculus-runtime;C:\Program Files (x86)\Razer Chroma SDK\bin;C:\Program Files\Razer Chroma SDK\bin;C:\Program Files (x86)\Razer\ChromaBroadcast\bin;C:\Program Files\Razer\ChromaBroadcast\bin;C:\Program Files (x86)\Common Files\Oracle\Java\javapath;C:\Windows\system32;C:\Windows;C:\Windows\System32\Wbem;C:\Windows\System32\WindowsPowerShell\v1.0;C:\Windows\System32\OpenSSH;C:\Program Files\dotnet;C:\Program Files\NVIDIA Corporation\NVIDIA NvDLISR;C:\Program Files (x86)\NVIDIA Corporation\PhysX\Common;C:\Program Files\Git\cmd;C:\Program Files\Microsoft SQL Server\130\Tools\Binn;C:\Program Files\Microsoft SQL Server\Client SDK\ODBC\170\Tools\Binn;C:\Program Files\CMake\bin;C:\ProgramData\chocolatey\bin;C:\Program Files\dotnet\;C:\Program Files (x86)\dotnet\;C:\MAVEN\bin;C:\Users\david\AppData\Local\Programs\Python\Python38\Scripts\;C:\Users\david\AppData\Local\Programs\Python\Python38\;C:\Users\david\AppData\Local\Microsoft\WindowsApps;C:\Users\david\.dotnet\tools;C:\Modeltech_pe_edu_10.4a\win32pe_edu;C:\intelFPGA\20.1\modelsim_ase\win32aloem;C:\Users\david\AppData\Local\GitHubDesktop\bin;C:\flutter\bin;;C:\Users\david\AppData\Local\Programs\Microsoft VS Code\bin;."/>
    <property name="java.vm.info" value="mixed mode"/>
    <property name="java.vendor" value="Oracle Corporation"/>
    <property name="java.vm.version" value="25.271-b09"/>
    <property name="java.ext.dirs" value="C:\Program Files\Java\jdk1.8.0_271\jre\lib\ext;C:\Windows\Sun\Java\lib\ext"/>
    <property name="sun.io.unicode.encoding" value="UnicodeLittle"/>
    <property name="java.class.version" value="52.0"/>
  </properties>
  <testcase name="shouldAnswerWithTrue" classname="com.AppTest" time="0.001"/>
</testsuite>